INFO - 2024-11-17 12:08:42 --> Session: Class initialized using 'CodeIgniter\Session\Handlers\FileHandler' driver.
ERROR - 2024-11-17 12:09:10 --> Error connecting to the database: mysqli_sql_exception: Aucune connexion n’a pu être établie car l’ordinateur cible l’a expressément refusée in C:\Users\Administrateur\Desktop\Tout\Divers\MVC\E-tady\Projet e-tady\e-tady\system\Database\MySQLi\Connection.php:187
Stack trace:
#0 C:\Users\Administrateur\Desktop\Tout\Divers\MVC\E-tady\Projet e-tady\e-tady\system\Database\MySQLi\Connection.php(187): mysqli->real_connect('localhost', 'root', '', 'e_tady', 3306, '', 0)
#1 C:\Users\Administrateur\Desktop\Tout\Divers\MVC\E-tady\Projet e-tady\e-tady\system\Database\BaseConnection.php(421): CodeIgniter\Database\MySQLi\Connection->connect(false)
#2 C:\Users\Administrateur\Desktop\Tout\Divers\MVC\E-tady\Projet e-tady\e-tady\system\Database\BaseConnection.php(616): CodeIgniter\Database\BaseConnection->initialize()
#3 C:\Users\Administrateur\Desktop\Tout\Divers\MVC\E-tady\Projet e-tady\e-tady\system\Database\BaseBuilder.php(1644): CodeIgniter\Database\BaseConnection->query('SELECT *\nFROM `...', Array, false)
#4 C:\Users\Administrateur\Desktop\Tout\Divers\MVC\E-tady\Projet e-tady\e-tady\system\Model.php(213): CodeIgniter\Database\BaseBuilder->get()
#5 C:\Users\Administrateur\Desktop\Tout\Divers\MVC\E-tady\Projet e-tady\e-tady\system\BaseModel.php(610): CodeIgniter\Model->doFind(false, NULL)
#6 C:\Users\Administrateur\Desktop\Tout\Divers\MVC\E-tady\Projet e-tady\e-tady\app\Controllers\Auth.php(56): CodeIgniter\BaseModel->find()
#7 C:\Users\Administrateur\Desktop\Tout\Divers\MVC\E-tady\Projet e-tady\e-tady\system\CodeIgniter.php(933): App\Controllers\Auth->register()
#8 C:\Users\Administrateur\Desktop\Tout\Divers\MVC\E-tady\Projet e-tady\e-tady\system\CodeIgniter.php(509): CodeIgniter\CodeIgniter->runController(Object(App\Controllers\Auth))
#9 C:\Users\Administrateur\Desktop\Tout\Divers\MVC\E-tady\Projet e-tady\e-tady\system\CodeIgniter.php(355): CodeIgniter\CodeIgniter->handleRequest(NULL, Object(Config\Cache), false)
#10 C:\Users\Administrateur\Desktop\Tout\Divers\MVC\E-tady\Projet e-tady\e-tady\system\Boot.php(325): CodeIgniter\CodeIgniter->run()
#11 C:\Users\Administrateur\Desktop\Tout\Divers\MVC\E-tady\Projet e-tady\e-tady\system\Boot.php(67): CodeIgniter\Boot::runCodeIgniter(Object(CodeIgniter\CodeIgniter))
#12 C:\Users\Administrateur\Desktop\Tout\Divers\MVC\E-tady\Projet e-tady\e-tady\public\index.php(56): CodeIgniter\Boot::bootWeb(Object(Config\Paths))
#13 C:\Users\Administrateur\Desktop\Tout\Divers\MVC\E-tady\Projet e-tady\e-tady\system\rewrite.php(44): require_once('C:\\Users\\Admini...')
#14 {main}

Next CodeIgniter\Database\Exceptions\DatabaseException: Aucune connexion n’a pu être établie car l’ordinateur cible l’a expressément refusée in C:\Users\Administrateur\Desktop\Tout\Divers\MVC\E-tady\Projet e-tady\e-tady\system\Database\MySQLi\Connection.php:231
Stack trace:
#0 C:\Users\Administrateur\Desktop\Tout\Divers\MVC\E-tady\Projet e-tady\e-tady\system\Database\BaseConnection.php(421): CodeIgniter\Database\MySQLi\Connection->connect(false)
#1 C:\Users\Administrateur\Desktop\Tout\Divers\MVC\E-tady\Projet e-tady\e-tady\system\Database\BaseConnection.php(616): CodeIgniter\Database\BaseConnection->initialize()
#2 C:\Users\Administrateur\Desktop\Tout\Divers\MVC\E-tady\Projet e-tady\e-tady\system\Database\BaseBuilder.php(1644): CodeIgniter\Database\BaseConnection->query('SELECT *\nFROM `...', Array, false)
#3 C:\Users\Administrateur\Desktop\Tout\Divers\MVC\E-tady\Projet e-tady\e-tady\system\Model.php(213): CodeIgniter\Database\BaseBuilder->get()
#4 C:\Users\Administrateur\Desktop\Tout\Divers\MVC\E-tady\Projet e-tady\e-tady\system\BaseModel.php(610): CodeIgniter\Model->doFind(false, NULL)
#5 C:\Users\Administrateur\Desktop\Tout\Divers\MVC\E-tady\Projet e-tady\e-tady\app\Controllers\Auth.php(56): CodeIgniter\BaseModel->find()
#6 C:\Users\Administrateur\Desktop\Tout\Divers\MVC\E-tady\Projet e-tady\e-tady\system\CodeIgniter.php(933): App\Controllers\Auth->register()
#7 C:\Users\Administrateur\Desktop\Tout\Divers\MVC\E-tady\Projet e-tady\e-tady\system\CodeIgniter.php(509): CodeIgniter\CodeIgniter->runController(Object(App\Controllers\Auth))
#8 C:\Users\Administrateur\Desktop\Tout\Divers\MVC\E-tady\Projet e-tady\e-tady\system\CodeIgniter.php(355): CodeIgniter\CodeIgniter->handleRequest(NULL, Object(Config\Cache), false)
#9 C:\Users\Administrateur\Desktop\Tout\Divers\MVC\E-tady\Projet e-tady\e-tady\system\Boot.php(325): CodeIgniter\CodeIgniter->run()
#10 C:\Users\Administrateur\Desktop\Tout\Divers\MVC\E-tady\Projet e-tady\e-tady\system\Boot.php(67): CodeIgniter\Boot::runCodeIgniter(Object(CodeIgniter\CodeIgniter))
#11 C:\Users\Administrateur\Desktop\Tout\Divers\MVC\E-tady\Projet e-tady\e-tady\public\index.php(56): CodeIgniter\Boot::bootWeb(Object(Config\Paths))
#12 C:\Users\Administrateur\Desktop\Tout\Divers\MVC\E-tady\Projet e-tady\e-tady\system\rewrite.php(44): require_once('C:\\Users\\Admini...')
#13 {main}
CRITICAL - 2024-11-17 12:09:10 --> CodeIgniter\Database\Exceptions\DatabaseException: Unable to connect to the database.
Main connection [MySQLi]: Aucune connexion n’a pu être établie car l’ordinateur cible l’a expressément refusée
[Method: POST, Route: auth/register]
in SYSTEMPATH\Database\BaseConnection.php on line 467.
 1 SYSTEMPATH\Database\BaseConnection.php(616): CodeIgniter\Database\BaseConnection->initialize()
 2 SYSTEMPATH\Database\BaseBuilder.php(1644): CodeIgniter\Database\BaseConnection->query('SELECT *
FROM `utilisateurs`
WHERE `username` = :username:', [...], false)
 3 SYSTEMPATH\Model.php(213): CodeIgniter\Database\BaseBuilder->get()
 4 SYSTEMPATH\BaseModel.php(610): CodeIgniter\Model->doFind(false, null)
 5 APPPATH\Controllers\Auth.php(56): CodeIgniter\BaseModel->find()
 6 SYSTEMPATH\CodeIgniter.php(933): App\Controllers\Auth->register()
 7 SYSTEMPATH\CodeIgniter.php(509): CodeIgniter\CodeIgniter->runController(Object(App\Controllers\Auth))
 8 SYSTEMPATH\CodeIgniter.php(355): CodeIgniter\CodeIgniter->handleRequest(null, Object(Config\Cache), false)
 9 SYSTEMPATH\Boot.php(325): CodeIgniter\CodeIgniter->run()
10 SYSTEMPATH\Boot.php(67): CodeIgniter\Boot::runCodeIgniter(Object(CodeIgniter\CodeIgniter))
11 FCPATH\index.php(56): CodeIgniter\Boot::bootWeb(Object(Config\Paths))
12 SYSTEMPATH\rewrite.php(44): require_once('C:\\Users\\Administrateur\\Desktop\\Tout\\Divers\\MVC\\E-tady\\Projet e-tady\\e-tady\\public\\index.php')
