INFO - 2024-10-19 17:24:55 --> Session: Class initialized using 'CodeIgniter\Session\Handlers\FileHandler' driver.
INFO - 2024-10-19 17:25:06 --> Session: Class initialized using 'CodeIgniter\Session\Handlers\FileHandler' driver.
INFO - 2024-10-19 17:25:06 --> Session: Class initialized using 'CodeIgniter\Session\Handlers\FileHandler' driver.
ERROR - 2024-10-19 17:25:06 --> mysqli_sql_exception: Champ 'publications.categorie' inconnu dans field list in C:\Users\Aina Fitiavana\Desktop\e-tady\system\Database\MySQLi\Connection.php:312
Stack trace:
#0 C:\Users\Aina Fitiavana\Desktop\e-tady\system\Database\MySQLi\Connection.php(312): mysqli->query('SELECT `publica...', 0)
#1 C:\Users\Aina Fitiavana\Desktop\e-tady\system\Database\BaseConnection.php(734): CodeIgniter\Database\MySQLi\Connection->execute('SELECT `publica...')
#2 C:\Users\Aina Fitiavana\Desktop\e-tady\system\Database\BaseConnection.php(648): CodeIgniter\Database\BaseConnection->simpleQuery('SELECT `publica...')
#3 C:\Users\Aina Fitiavana\Desktop\e-tady\system\Database\BaseBuilder.php(1644): CodeIgniter\Database\BaseConnection->query('SELECT `publica...', Array, false)
#4 C:\Users\Aina Fitiavana\Desktop\e-tady\system\Model.php(286): CodeIgniter\Database\BaseBuilder->get()
#5 C:\Users\Aina Fitiavana\Desktop\e-tady\system\BaseModel.php(676): CodeIgniter\Model->doFindAll(0, 0)
#6 C:\Users\Aina Fitiavana\Desktop\e-tady\app\Models\PublicationModel.php(22): CodeIgniter\BaseModel->findAll()
#7 C:\Users\Aina Fitiavana\Desktop\e-tady\app\Controllers\Post.php(22): App\Models\PublicationModel->getPublication()
#8 C:\Users\Aina Fitiavana\Desktop\e-tady\system\CodeIgniter.php(933): App\Controllers\Post->index()
#9 C:\Users\Aina Fitiavana\Desktop\e-tady\system\CodeIgniter.php(509): CodeIgniter\CodeIgniter->runController(Object(App\Controllers\Post))
#10 C:\Users\Aina Fitiavana\Desktop\e-tady\system\CodeIgniter.php(355): CodeIgniter\CodeIgniter->handleRequest(NULL, Object(Config\Cache), false)
#11 C:\Users\Aina Fitiavana\Desktop\e-tady\system\Boot.php(325): CodeIgniter\CodeIgniter->run()
#12 C:\Users\Aina Fitiavana\Desktop\e-tady\system\Boot.php(67): CodeIgniter\Boot::runCodeIgniter(Object(CodeIgniter\CodeIgniter))
#13 C:\Users\Aina Fitiavana\Desktop\e-tady\public\index.php(56): CodeIgniter\Boot::bootWeb(Object(Config\Paths))
#14 C:\Users\Aina Fitiavana\Desktop\e-tady\system\rewrite.php(44): require_once('C:\\Users\\Aina F...')
#15 {main}
CRITICAL - 2024-10-19 17:25:06 --> CodeIgniter\Database\Exceptions\DatabaseException: Champ 'publications.categorie' inconnu dans field list
[Method: GET, Route: /]
in SYSTEMPATH\Database\BaseConnection.php on line 688.
 1 SYSTEMPATH\Database\BaseBuilder.php(1644): CodeIgniter\Database\BaseConnection->query('SELECT `publications`.`titre`, `publications`.`categorie`, `utilisateurs`.`id` as `utilisateur_id`, `publications`.`id` as `publication_id`, `publications`.`description`, `publications`.`date_creation`, `utilisateurs`.`telephone`
FROM `publications`
JOIN `utilisateurs` ON `utilisateurs`.`id` = `publications`.`id_utilisateur`', [], false)
 2 SYSTEMPATH\Model.php(286): CodeIgniter\Database\BaseBuilder->get()
 3 SYSTEMPATH\BaseModel.php(676): CodeIgniter\Model->doFindAll(0, 0)
 4 APPPATH\Models\PublicationModel.php(22): CodeIgniter\BaseModel->findAll()
 5 APPPATH\Controllers\Post.php(22): App\Models\PublicationModel->getPublication()
 6 SYSTEMPATH\CodeIgniter.php(933): App\Controllers\Post->index()
 7 SYSTEMPATH\CodeIgniter.php(509): CodeIgniter\CodeIgniter->runController(Object(App\Controllers\Post))
 8 SYSTEMPATH\CodeIgniter.php(355): CodeIgniter\CodeIgniter->handleRequest(null, Object(Config\Cache), false)
 9 SYSTEMPATH\Boot.php(325): CodeIgniter\CodeIgniter->run()
10 SYSTEMPATH\Boot.php(67): CodeIgniter\Boot::runCodeIgniter(Object(CodeIgniter\CodeIgniter))
11 FCPATH\index.php(56): CodeIgniter\Boot::bootWeb(Object(Config\Paths))
12 SYSTEMPATH\rewrite.php(44): require_once('C:\\Users\\Aina Fitiavana\\Desktop\\e-tady\\public\\index.php')
CRITICAL - 2024-10-19 17:25:06 --> [Caused by] CodeIgniter\Database\Exceptions\DatabaseException: Champ 'publications.categorie' inconnu dans field list
in SYSTEMPATH\Database\MySQLi\Connection.php on line 317.
 1 SYSTEMPATH\Database\BaseConnection.php(734): CodeIgniter\Database\MySQLi\Connection->execute('SELECT `publications`.`titre`, `publications`.`categorie`, `utilisateurs`.`id` as `utilisateur_id`, `publications`.`id` as `publication_id`, `publications`.`description`, `publications`.`date_creation`, `utilisateurs`.`telephone`
FROM `publications`
JOIN `utilisateurs` ON `utilisateurs`.`id` = `publications`.`id_utilisateur`')
 2 SYSTEMPATH\Database\BaseConnection.php(648): CodeIgniter\Database\BaseConnection->simpleQuery('SELECT `publications`.`titre`, `publications`.`categorie`, `utilisateurs`.`id` as `utilisateur_id`, `publications`.`id` as `publication_id`, `publications`.`description`, `publications`.`date_creation`, `utilisateurs`.`telephone`
FROM `publications`
JOIN `utilisateurs` ON `utilisateurs`.`id` = `publications`.`id_utilisateur`')
 3 SYSTEMPATH\Database\BaseBuilder.php(1644): CodeIgniter\Database\BaseConnection->query('SELECT `publications`.`titre`, `publications`.`categorie`, `utilisateurs`.`id` as `utilisateur_id`, `publications`.`id` as `publication_id`, `publications`.`description`, `publications`.`date_creation`, `utilisateurs`.`telephone`
FROM `publications`
JOIN `utilisateurs` ON `utilisateurs`.`id` = `publications`.`id_utilisateur`', [], false)
 4 SYSTEMPATH\Model.php(286): CodeIgniter\Database\BaseBuilder->get()
 5 SYSTEMPATH\BaseModel.php(676): CodeIgniter\Model->doFindAll(0, 0)
 6 APPPATH\Models\PublicationModel.php(22): CodeIgniter\BaseModel->findAll()
 7 APPPATH\Controllers\Post.php(22): App\Models\PublicationModel->getPublication()
 8 SYSTEMPATH\CodeIgniter.php(933): App\Controllers\Post->index()
 9 SYSTEMPATH\CodeIgniter.php(509): CodeIgniter\CodeIgniter->runController(Object(App\Controllers\Post))
10 SYSTEMPATH\CodeIgniter.php(355): CodeIgniter\CodeIgniter->handleRequest(null, Object(Config\Cache), false)
11 SYSTEMPATH\Boot.php(325): CodeIgniter\CodeIgniter->run()
12 SYSTEMPATH\Boot.php(67): CodeIgniter\Boot::runCodeIgniter(Object(CodeIgniter\CodeIgniter))
13 FCPATH\index.php(56): CodeIgniter\Boot::bootWeb(Object(Config\Paths))
14 SYSTEMPATH\rewrite.php(44): require_once('C:\\Users\\Aina Fitiavana\\Desktop\\e-tady\\public\\index.php')
CRITICAL - 2024-10-19 17:25:06 --> [Caused by] mysqli_sql_exception: Champ 'publications.categorie' inconnu dans field list
in SYSTEMPATH\Database\MySQLi\Connection.php on line 312.
 1 SYSTEMPATH\Database\MySQLi\Connection.php(312): mysqli->query('SELECT `publications`.`titre`, `publications`.`categorie`, `utilisateurs`.`id` as `utilisateur_id`, `publications`.`id` as `publication_id`, `publications`.`description`, `publications`.`date_creation`, `utilisateurs`.`telephone`
FROM `publications`
JOIN `utilisateurs` ON `utilisateurs`.`id` = `publications`.`id_utilisateur`', 0)
 2 SYSTEMPATH\Database\BaseConnection.php(734): CodeIgniter\Database\MySQLi\Connection->execute('SELECT `publications`.`titre`, `publications`.`categorie`, `utilisateurs`.`id` as `utilisateur_id`, `publications`.`id` as `publication_id`, `publications`.`description`, `publications`.`date_creation`, `utilisateurs`.`telephone`
FROM `publications`
JOIN `utilisateurs` ON `utilisateurs`.`id` = `publications`.`id_utilisateur`')
 3 SYSTEMPATH\Database\BaseConnection.php(648): CodeIgniter\Database\BaseConnection->simpleQuery('SELECT `publications`.`titre`, `publications`.`categorie`, `utilisateurs`.`id` as `utilisateur_id`, `publications`.`id` as `publication_id`, `publications`.`description`, `publications`.`date_creation`, `utilisateurs`.`telephone`
FROM `publications`
JOIN `utilisateurs` ON `utilisateurs`.`id` = `publications`.`id_utilisateur`')
 4 SYSTEMPATH\Database\BaseBuilder.php(1644): CodeIgniter\Database\BaseConnection->query('SELECT `publications`.`titre`, `publications`.`categorie`, `utilisateurs`.`id` as `utilisateur_id`, `publications`.`id` as `publication_id`, `publications`.`description`, `publications`.`date_creation`, `utilisateurs`.`telephone`
FROM `publications`
JOIN `utilisateurs` ON `utilisateurs`.`id` = `publications`.`id_utilisateur`', [], false)
 5 SYSTEMPATH\Model.php(286): CodeIgniter\Database\BaseBuilder->get()
 6 SYSTEMPATH\BaseModel.php(676): CodeIgniter\Model->doFindAll(0, 0)
 7 APPPATH\Models\PublicationModel.php(22): CodeIgniter\BaseModel->findAll()
 8 APPPATH\Controllers\Post.php(22): App\Models\PublicationModel->getPublication()
 9 SYSTEMPATH\CodeIgniter.php(933): App\Controllers\Post->index()
10 SYSTEMPATH\CodeIgniter.php(509): CodeIgniter\CodeIgniter->runController(Object(App\Controllers\Post))
11 SYSTEMPATH\CodeIgniter.php(355): CodeIgniter\CodeIgniter->handleRequest(null, Object(Config\Cache), false)
12 SYSTEMPATH\Boot.php(325): CodeIgniter\CodeIgniter->run()
13 SYSTEMPATH\Boot.php(67): CodeIgniter\Boot::runCodeIgniter(Object(CodeIgniter\CodeIgniter))
14 FCPATH\index.php(56): CodeIgniter\Boot::bootWeb(Object(Config\Paths))
15 SYSTEMPATH\rewrite.php(44): require_once('C:\\Users\\Aina Fitiavana\\Desktop\\e-tady\\public\\index.php')
INFO - 2024-10-19 17:25:13 --> Session: Class initialized using 'CodeIgniter\Session\Handlers\FileHandler' driver.
ERROR - 2024-10-19 17:25:13 --> mysqli_sql_exception: Champ 'publications.categorie' inconnu dans field list in C:\Users\Aina Fitiavana\Desktop\e-tady\system\Database\MySQLi\Connection.php:312
Stack trace:
#0 C:\Users\Aina Fitiavana\Desktop\e-tady\system\Database\MySQLi\Connection.php(312): mysqli->query('SELECT `publica...', 0)
#1 C:\Users\Aina Fitiavana\Desktop\e-tady\system\Database\BaseConnection.php(734): CodeIgniter\Database\MySQLi\Connection->execute('SELECT `publica...')
#2 C:\Users\Aina Fitiavana\Desktop\e-tady\system\Database\BaseConnection.php(648): CodeIgniter\Database\BaseConnection->simpleQuery('SELECT `publica...')
#3 C:\Users\Aina Fitiavana\Desktop\e-tady\system\Database\BaseBuilder.php(1644): CodeIgniter\Database\BaseConnection->query('SELECT `publica...', Array, false)
#4 C:\Users\Aina Fitiavana\Desktop\e-tady\system\Model.php(286): CodeIgniter\Database\BaseBuilder->get()
#5 C:\Users\Aina Fitiavana\Desktop\e-tady\system\BaseModel.php(676): CodeIgniter\Model->doFindAll(0, 0)
#6 C:\Users\Aina Fitiavana\Desktop\e-tady\app\Models\PublicationModel.php(22): CodeIgniter\BaseModel->findAll()
#7 C:\Users\Aina Fitiavana\Desktop\e-tady\app\Controllers\Post.php(22): App\Models\PublicationModel->getPublication()
#8 C:\Users\Aina Fitiavana\Desktop\e-tady\system\CodeIgniter.php(933): App\Controllers\Post->index()
#9 C:\Users\Aina Fitiavana\Desktop\e-tady\system\CodeIgniter.php(509): CodeIgniter\CodeIgniter->runController(Object(App\Controllers\Post))
#10 C:\Users\Aina Fitiavana\Desktop\e-tady\system\CodeIgniter.php(355): CodeIgniter\CodeIgniter->handleRequest(NULL, Object(Config\Cache), false)
#11 C:\Users\Aina Fitiavana\Desktop\e-tady\system\Boot.php(325): CodeIgniter\CodeIgniter->run()
#12 C:\Users\Aina Fitiavana\Desktop\e-tady\system\Boot.php(67): CodeIgniter\Boot::runCodeIgniter(Object(CodeIgniter\CodeIgniter))
#13 C:\Users\Aina Fitiavana\Desktop\e-tady\public\index.php(56): CodeIgniter\Boot::bootWeb(Object(Config\Paths))
#14 C:\Users\Aina Fitiavana\Desktop\e-tady\system\rewrite.php(44): require_once('C:\\Users\\Aina F...')
#15 {main}
CRITICAL - 2024-10-19 17:25:13 --> CodeIgniter\Database\Exceptions\DatabaseException: Champ 'publications.categorie' inconnu dans field list
[Method: GET, Route: /]
in SYSTEMPATH\Database\BaseConnection.php on line 688.
 1 SYSTEMPATH\Database\BaseBuilder.php(1644): CodeIgniter\Database\BaseConnection->query('SELECT `publications`.`titre`, `publications`.`categorie`, `utilisateurs`.`id` as `utilisateur_id`, `publications`.`id` as `publication_id`, `publications`.`description`, `publications`.`date_creation`, `utilisateurs`.`telephone`
FROM `publications`
JOIN `utilisateurs` ON `utilisateurs`.`id` = `publications`.`id_utilisateur`', [], false)
 2 SYSTEMPATH\Model.php(286): CodeIgniter\Database\BaseBuilder->get()
 3 SYSTEMPATH\BaseModel.php(676): CodeIgniter\Model->doFindAll(0, 0)
 4 APPPATH\Models\PublicationModel.php(22): CodeIgniter\BaseModel->findAll()
 5 APPPATH\Controllers\Post.php(22): App\Models\PublicationModel->getPublication()
 6 SYSTEMPATH\CodeIgniter.php(933): App\Controllers\Post->index()
 7 SYSTEMPATH\CodeIgniter.php(509): CodeIgniter\CodeIgniter->runController(Object(App\Controllers\Post))
 8 SYSTEMPATH\CodeIgniter.php(355): CodeIgniter\CodeIgniter->handleRequest(null, Object(Config\Cache), false)
 9 SYSTEMPATH\Boot.php(325): CodeIgniter\CodeIgniter->run()
10 SYSTEMPATH\Boot.php(67): CodeIgniter\Boot::runCodeIgniter(Object(CodeIgniter\CodeIgniter))
11 FCPATH\index.php(56): CodeIgniter\Boot::bootWeb(Object(Config\Paths))
12 SYSTEMPATH\rewrite.php(44): require_once('C:\\Users\\Aina Fitiavana\\Desktop\\e-tady\\public\\index.php')
CRITICAL - 2024-10-19 17:25:13 --> [Caused by] CodeIgniter\Database\Exceptions\DatabaseException: Champ 'publications.categorie' inconnu dans field list
in SYSTEMPATH\Database\MySQLi\Connection.php on line 317.
 1 SYSTEMPATH\Database\BaseConnection.php(734): CodeIgniter\Database\MySQLi\Connection->execute('SELECT `publications`.`titre`, `publications`.`categorie`, `utilisateurs`.`id` as `utilisateur_id`, `publications`.`id` as `publication_id`, `publications`.`description`, `publications`.`date_creation`, `utilisateurs`.`telephone`
FROM `publications`
JOIN `utilisateurs` ON `utilisateurs`.`id` = `publications`.`id_utilisateur`')
 2 SYSTEMPATH\Database\BaseConnection.php(648): CodeIgniter\Database\BaseConnection->simpleQuery('SELECT `publications`.`titre`, `publications`.`categorie`, `utilisateurs`.`id` as `utilisateur_id`, `publications`.`id` as `publication_id`, `publications`.`description`, `publications`.`date_creation`, `utilisateurs`.`telephone`
FROM `publications`
JOIN `utilisateurs` ON `utilisateurs`.`id` = `publications`.`id_utilisateur`')
 3 SYSTEMPATH\Database\BaseBuilder.php(1644): CodeIgniter\Database\BaseConnection->query('SELECT `publications`.`titre`, `publications`.`categorie`, `utilisateurs`.`id` as `utilisateur_id`, `publications`.`id` as `publication_id`, `publications`.`description`, `publications`.`date_creation`, `utilisateurs`.`telephone`
FROM `publications`
JOIN `utilisateurs` ON `utilisateurs`.`id` = `publications`.`id_utilisateur`', [], false)
 4 SYSTEMPATH\Model.php(286): CodeIgniter\Database\BaseBuilder->get()
 5 SYSTEMPATH\BaseModel.php(676): CodeIgniter\Model->doFindAll(0, 0)
 6 APPPATH\Models\PublicationModel.php(22): CodeIgniter\BaseModel->findAll()
 7 APPPATH\Controllers\Post.php(22): App\Models\PublicationModel->getPublication()
 8 SYSTEMPATH\CodeIgniter.php(933): App\Controllers\Post->index()
 9 SYSTEMPATH\CodeIgniter.php(509): CodeIgniter\CodeIgniter->runController(Object(App\Controllers\Post))
10 SYSTEMPATH\CodeIgniter.php(355): CodeIgniter\CodeIgniter->handleRequest(null, Object(Config\Cache), false)
11 SYSTEMPATH\Boot.php(325): CodeIgniter\CodeIgniter->run()
12 SYSTEMPATH\Boot.php(67): CodeIgniter\Boot::runCodeIgniter(Object(CodeIgniter\CodeIgniter))
13 FCPATH\index.php(56): CodeIgniter\Boot::bootWeb(Object(Config\Paths))
14 SYSTEMPATH\rewrite.php(44): require_once('C:\\Users\\Aina Fitiavana\\Desktop\\e-tady\\public\\index.php')
CRITICAL - 2024-10-19 17:25:13 --> [Caused by] mysqli_sql_exception: Champ 'publications.categorie' inconnu dans field list
in SYSTEMPATH\Database\MySQLi\Connection.php on line 312.
 1 SYSTEMPATH\Database\MySQLi\Connection.php(312): mysqli->query('SELECT `publications`.`titre`, `publications`.`categorie`, `utilisateurs`.`id` as `utilisateur_id`, `publications`.`id` as `publication_id`, `publications`.`description`, `publications`.`date_creation`, `utilisateurs`.`telephone`
FROM `publications`
JOIN `utilisateurs` ON `utilisateurs`.`id` = `publications`.`id_utilisateur`', 0)
 2 SYSTEMPATH\Database\BaseConnection.php(734): CodeIgniter\Database\MySQLi\Connection->execute('SELECT `publications`.`titre`, `publications`.`categorie`, `utilisateurs`.`id` as `utilisateur_id`, `publications`.`id` as `publication_id`, `publications`.`description`, `publications`.`date_creation`, `utilisateurs`.`telephone`
FROM `publications`
JOIN `utilisateurs` ON `utilisateurs`.`id` = `publications`.`id_utilisateur`')
 3 SYSTEMPATH\Database\BaseConnection.php(648): CodeIgniter\Database\BaseConnection->simpleQuery('SELECT `publications`.`titre`, `publications`.`categorie`, `utilisateurs`.`id` as `utilisateur_id`, `publications`.`id` as `publication_id`, `publications`.`description`, `publications`.`date_creation`, `utilisateurs`.`telephone`
FROM `publications`
JOIN `utilisateurs` ON `utilisateurs`.`id` = `publications`.`id_utilisateur`')
 4 SYSTEMPATH\Database\BaseBuilder.php(1644): CodeIgniter\Database\BaseConnection->query('SELECT `publications`.`titre`, `publications`.`categorie`, `utilisateurs`.`id` as `utilisateur_id`, `publications`.`id` as `publication_id`, `publications`.`description`, `publications`.`date_creation`, `utilisateurs`.`telephone`
FROM `publications`
JOIN `utilisateurs` ON `utilisateurs`.`id` = `publications`.`id_utilisateur`', [], false)
 5 SYSTEMPATH\Model.php(286): CodeIgniter\Database\BaseBuilder->get()
 6 SYSTEMPATH\BaseModel.php(676): CodeIgniter\Model->doFindAll(0, 0)
 7 APPPATH\Models\PublicationModel.php(22): CodeIgniter\BaseModel->findAll()
 8 APPPATH\Controllers\Post.php(22): App\Models\PublicationModel->getPublication()
 9 SYSTEMPATH\CodeIgniter.php(933): App\Controllers\Post->index()
10 SYSTEMPATH\CodeIgniter.php(509): CodeIgniter\CodeIgniter->runController(Object(App\Controllers\Post))
11 SYSTEMPATH\CodeIgniter.php(355): CodeIgniter\CodeIgniter->handleRequest(null, Object(Config\Cache), false)
12 SYSTEMPATH\Boot.php(325): CodeIgniter\CodeIgniter->run()
13 SYSTEMPATH\Boot.php(67): CodeIgniter\Boot::runCodeIgniter(Object(CodeIgniter\CodeIgniter))
14 FCPATH\index.php(56): CodeIgniter\Boot::bootWeb(Object(Config\Paths))
15 SYSTEMPATH\rewrite.php(44): require_once('C:\\Users\\Aina Fitiavana\\Desktop\\e-tady\\public\\index.php')
INFO - 2024-10-19 17:25:14 --> Session: Class initialized using 'CodeIgniter\Session\Handlers\FileHandler' driver.
ERROR - 2024-10-19 17:25:14 --> mysqli_sql_exception: Champ 'publications.categorie' inconnu dans field list in C:\Users\Aina Fitiavana\Desktop\e-tady\system\Database\MySQLi\Connection.php:312
Stack trace:
#0 C:\Users\Aina Fitiavana\Desktop\e-tady\system\Database\MySQLi\Connection.php(312): mysqli->query('SELECT `publica...', 0)
#1 C:\Users\Aina Fitiavana\Desktop\e-tady\system\Database\BaseConnection.php(734): CodeIgniter\Database\MySQLi\Connection->execute('SELECT `publica...')
#2 C:\Users\Aina Fitiavana\Desktop\e-tady\system\Database\BaseConnection.php(648): CodeIgniter\Database\BaseConnection->simpleQuery('SELECT `publica...')
#3 C:\Users\Aina Fitiavana\Desktop\e-tady\system\Database\BaseBuilder.php(1644): CodeIgniter\Database\BaseConnection->query('SELECT `publica...', Array, false)
#4 C:\Users\Aina Fitiavana\Desktop\e-tady\system\Model.php(286): CodeIgniter\Database\BaseBuilder->get()
#5 C:\Users\Aina Fitiavana\Desktop\e-tady\system\BaseModel.php(676): CodeIgniter\Model->doFindAll(0, 0)
#6 C:\Users\Aina Fitiavana\Desktop\e-tady\app\Models\PublicationModel.php(22): CodeIgniter\BaseModel->findAll()
#7 C:\Users\Aina Fitiavana\Desktop\e-tady\app\Controllers\Post.php(22): App\Models\PublicationModel->getPublication()
#8 C:\Users\Aina Fitiavana\Desktop\e-tady\system\CodeIgniter.php(933): App\Controllers\Post->index()
#9 C:\Users\Aina Fitiavana\Desktop\e-tady\system\CodeIgniter.php(509): CodeIgniter\CodeIgniter->runController(Object(App\Controllers\Post))
#10 C:\Users\Aina Fitiavana\Desktop\e-tady\system\CodeIgniter.php(355): CodeIgniter\CodeIgniter->handleRequest(NULL, Object(Config\Cache), false)
#11 C:\Users\Aina Fitiavana\Desktop\e-tady\system\Boot.php(325): CodeIgniter\CodeIgniter->run()
#12 C:\Users\Aina Fitiavana\Desktop\e-tady\system\Boot.php(67): CodeIgniter\Boot::runCodeIgniter(Object(CodeIgniter\CodeIgniter))
#13 C:\Users\Aina Fitiavana\Desktop\e-tady\public\index.php(56): CodeIgniter\Boot::bootWeb(Object(Config\Paths))
#14 C:\Users\Aina Fitiavana\Desktop\e-tady\system\rewrite.php(44): require_once('C:\\Users\\Aina F...')
#15 {main}
CRITICAL - 2024-10-19 17:25:14 --> CodeIgniter\Database\Exceptions\DatabaseException: Champ 'publications.categorie' inconnu dans field list
[Method: GET, Route: /]
in SYSTEMPATH\Database\BaseConnection.php on line 688.
 1 SYSTEMPATH\Database\BaseBuilder.php(1644): CodeIgniter\Database\BaseConnection->query('SELECT `publications`.`titre`, `publications`.`categorie`, `utilisateurs`.`id` as `utilisateur_id`, `publications`.`id` as `publication_id`, `publications`.`description`, `publications`.`date_creation`, `utilisateurs`.`telephone`
FROM `publications`
JOIN `utilisateurs` ON `utilisateurs`.`id` = `publications`.`id_utilisateur`', [], false)
 2 SYSTEMPATH\Model.php(286): CodeIgniter\Database\BaseBuilder->get()
 3 SYSTEMPATH\BaseModel.php(676): CodeIgniter\Model->doFindAll(0, 0)
 4 APPPATH\Models\PublicationModel.php(22): CodeIgniter\BaseModel->findAll()
 5 APPPATH\Controllers\Post.php(22): App\Models\PublicationModel->getPublication()
 6 SYSTEMPATH\CodeIgniter.php(933): App\Controllers\Post->index()
 7 SYSTEMPATH\CodeIgniter.php(509): CodeIgniter\CodeIgniter->runController(Object(App\Controllers\Post))
 8 SYSTEMPATH\CodeIgniter.php(355): CodeIgniter\CodeIgniter->handleRequest(null, Object(Config\Cache), false)
 9 SYSTEMPATH\Boot.php(325): CodeIgniter\CodeIgniter->run()
10 SYSTEMPATH\Boot.php(67): CodeIgniter\Boot::runCodeIgniter(Object(CodeIgniter\CodeIgniter))
11 FCPATH\index.php(56): CodeIgniter\Boot::bootWeb(Object(Config\Paths))
12 SYSTEMPATH\rewrite.php(44): require_once('C:\\Users\\Aina Fitiavana\\Desktop\\e-tady\\public\\index.php')
CRITICAL - 2024-10-19 17:25:14 --> [Caused by] CodeIgniter\Database\Exceptions\DatabaseException: Champ 'publications.categorie' inconnu dans field list
in SYSTEMPATH\Database\MySQLi\Connection.php on line 317.
 1 SYSTEMPATH\Database\BaseConnection.php(734): CodeIgniter\Database\MySQLi\Connection->execute('SELECT `publications`.`titre`, `publications`.`categorie`, `utilisateurs`.`id` as `utilisateur_id`, `publications`.`id` as `publication_id`, `publications`.`description`, `publications`.`date_creation`, `utilisateurs`.`telephone`
FROM `publications`
JOIN `utilisateurs` ON `utilisateurs`.`id` = `publications`.`id_utilisateur`')
 2 SYSTEMPATH\Database\BaseConnection.php(648): CodeIgniter\Database\BaseConnection->simpleQuery('SELECT `publications`.`titre`, `publications`.`categorie`, `utilisateurs`.`id` as `utilisateur_id`, `publications`.`id` as `publication_id`, `publications`.`description`, `publications`.`date_creation`, `utilisateurs`.`telephone`
FROM `publications`
JOIN `utilisateurs` ON `utilisateurs`.`id` = `publications`.`id_utilisateur`')
 3 SYSTEMPATH\Database\BaseBuilder.php(1644): CodeIgniter\Database\BaseConnection->query('SELECT `publications`.`titre`, `publications`.`categorie`, `utilisateurs`.`id` as `utilisateur_id`, `publications`.`id` as `publication_id`, `publications`.`description`, `publications`.`date_creation`, `utilisateurs`.`telephone`
FROM `publications`
JOIN `utilisateurs` ON `utilisateurs`.`id` = `publications`.`id_utilisateur`', [], false)
 4 SYSTEMPATH\Model.php(286): CodeIgniter\Database\BaseBuilder->get()
 5 SYSTEMPATH\BaseModel.php(676): CodeIgniter\Model->doFindAll(0, 0)
 6 APPPATH\Models\PublicationModel.php(22): CodeIgniter\BaseModel->findAll()
 7 APPPATH\Controllers\Post.php(22): App\Models\PublicationModel->getPublication()
 8 SYSTEMPATH\CodeIgniter.php(933): App\Controllers\Post->index()
 9 SYSTEMPATH\CodeIgniter.php(509): CodeIgniter\CodeIgniter->runController(Object(App\Controllers\Post))
10 SYSTEMPATH\CodeIgniter.php(355): CodeIgniter\CodeIgniter->handleRequest(null, Object(Config\Cache), false)
11 SYSTEMPATH\Boot.php(325): CodeIgniter\CodeIgniter->run()
12 SYSTEMPATH\Boot.php(67): CodeIgniter\Boot::runCodeIgniter(Object(CodeIgniter\CodeIgniter))
13 FCPATH\index.php(56): CodeIgniter\Boot::bootWeb(Object(Config\Paths))
14 SYSTEMPATH\rewrite.php(44): require_once('C:\\Users\\Aina Fitiavana\\Desktop\\e-tady\\public\\index.php')
CRITICAL - 2024-10-19 17:25:14 --> [Caused by] mysqli_sql_exception: Champ 'publications.categorie' inconnu dans field list
in SYSTEMPATH\Database\MySQLi\Connection.php on line 312.
 1 SYSTEMPATH\Database\MySQLi\Connection.php(312): mysqli->query('SELECT `publications`.`titre`, `publications`.`categorie`, `utilisateurs`.`id` as `utilisateur_id`, `publications`.`id` as `publication_id`, `publications`.`description`, `publications`.`date_creation`, `utilisateurs`.`telephone`
FROM `publications`
JOIN `utilisateurs` ON `utilisateurs`.`id` = `publications`.`id_utilisateur`', 0)
 2 SYSTEMPATH\Database\BaseConnection.php(734): CodeIgniter\Database\MySQLi\Connection->execute('SELECT `publications`.`titre`, `publications`.`categorie`, `utilisateurs`.`id` as `utilisateur_id`, `publications`.`id` as `publication_id`, `publications`.`description`, `publications`.`date_creation`, `utilisateurs`.`telephone`
FROM `publications`
JOIN `utilisateurs` ON `utilisateurs`.`id` = `publications`.`id_utilisateur`')
 3 SYSTEMPATH\Database\BaseConnection.php(648): CodeIgniter\Database\BaseConnection->simpleQuery('SELECT `publications`.`titre`, `publications`.`categorie`, `utilisateurs`.`id` as `utilisateur_id`, `publications`.`id` as `publication_id`, `publications`.`description`, `publications`.`date_creation`, `utilisateurs`.`telephone`
FROM `publications`
JOIN `utilisateurs` ON `utilisateurs`.`id` = `publications`.`id_utilisateur`')
 4 SYSTEMPATH\Database\BaseBuilder.php(1644): CodeIgniter\Database\BaseConnection->query('SELECT `publications`.`titre`, `publications`.`categorie`, `utilisateurs`.`id` as `utilisateur_id`, `publications`.`id` as `publication_id`, `publications`.`description`, `publications`.`date_creation`, `utilisateurs`.`telephone`
FROM `publications`
JOIN `utilisateurs` ON `utilisateurs`.`id` = `publications`.`id_utilisateur`', [], false)
 5 SYSTEMPATH\Model.php(286): CodeIgniter\Database\BaseBuilder->get()
 6 SYSTEMPATH\BaseModel.php(676): CodeIgniter\Model->doFindAll(0, 0)
 7 APPPATH\Models\PublicationModel.php(22): CodeIgniter\BaseModel->findAll()
 8 APPPATH\Controllers\Post.php(22): App\Models\PublicationModel->getPublication()
 9 SYSTEMPATH\CodeIgniter.php(933): App\Controllers\Post->index()
10 SYSTEMPATH\CodeIgniter.php(509): CodeIgniter\CodeIgniter->runController(Object(App\Controllers\Post))
11 SYSTEMPATH\CodeIgniter.php(355): CodeIgniter\CodeIgniter->handleRequest(null, Object(Config\Cache), false)
12 SYSTEMPATH\Boot.php(325): CodeIgniter\CodeIgniter->run()
13 SYSTEMPATH\Boot.php(67): CodeIgniter\Boot::runCodeIgniter(Object(CodeIgniter\CodeIgniter))
14 FCPATH\index.php(56): CodeIgniter\Boot::bootWeb(Object(Config\Paths))
15 SYSTEMPATH\rewrite.php(44): require_once('C:\\Users\\Aina Fitiavana\\Desktop\\e-tady\\public\\index.php')
INFO - 2024-10-19 17:25:17 --> Session: Class initialized using 'CodeIgniter\Session\Handlers\FileHandler' driver.
ERROR - 2024-10-19 17:25:17 --> mysqli_sql_exception: Champ 'publications.categorie' inconnu dans field list in C:\Users\Aina Fitiavana\Desktop\e-tady\system\Database\MySQLi\Connection.php:312
Stack trace:
#0 C:\Users\Aina Fitiavana\Desktop\e-tady\system\Database\MySQLi\Connection.php(312): mysqli->query('SELECT `publica...', 0)
#1 C:\Users\Aina Fitiavana\Desktop\e-tady\system\Database\BaseConnection.php(734): CodeIgniter\Database\MySQLi\Connection->execute('SELECT `publica...')
#2 C:\Users\Aina Fitiavana\Desktop\e-tady\system\Database\BaseConnection.php(648): CodeIgniter\Database\BaseConnection->simpleQuery('SELECT `publica...')
#3 C:\Users\Aina Fitiavana\Desktop\e-tady\system\Database\BaseBuilder.php(1644): CodeIgniter\Database\BaseConnection->query('SELECT `publica...', Array, false)
#4 C:\Users\Aina Fitiavana\Desktop\e-tady\system\Model.php(286): CodeIgniter\Database\BaseBuilder->get()
#5 C:\Users\Aina Fitiavana\Desktop\e-tady\system\BaseModel.php(676): CodeIgniter\Model->doFindAll(0, 0)
#6 C:\Users\Aina Fitiavana\Desktop\e-tady\app\Models\PublicationModel.php(22): CodeIgniter\BaseModel->findAll()
#7 C:\Users\Aina Fitiavana\Desktop\e-tady\app\Controllers\Post.php(22): App\Models\PublicationModel->getPublication()
#8 C:\Users\Aina Fitiavana\Desktop\e-tady\system\CodeIgniter.php(933): App\Controllers\Post->index()
#9 C:\Users\Aina Fitiavana\Desktop\e-tady\system\CodeIgniter.php(509): CodeIgniter\CodeIgniter->runController(Object(App\Controllers\Post))
#10 C:\Users\Aina Fitiavana\Desktop\e-tady\system\CodeIgniter.php(355): CodeIgniter\CodeIgniter->handleRequest(NULL, Object(Config\Cache), false)
#11 C:\Users\Aina Fitiavana\Desktop\e-tady\system\Boot.php(325): CodeIgniter\CodeIgniter->run()
#12 C:\Users\Aina Fitiavana\Desktop\e-tady\system\Boot.php(67): CodeIgniter\Boot::runCodeIgniter(Object(CodeIgniter\CodeIgniter))
#13 C:\Users\Aina Fitiavana\Desktop\e-tady\public\index.php(56): CodeIgniter\Boot::bootWeb(Object(Config\Paths))
#14 C:\Users\Aina Fitiavana\Desktop\e-tady\system\rewrite.php(44): require_once('C:\\Users\\Aina F...')
#15 {main}
CRITICAL - 2024-10-19 17:25:17 --> CodeIgniter\Database\Exceptions\DatabaseException: Champ 'publications.categorie' inconnu dans field list
[Method: GET, Route: /]
in SYSTEMPATH\Database\BaseConnection.php on line 688.
 1 SYSTEMPATH\Database\BaseBuilder.php(1644): CodeIgniter\Database\BaseConnection->query('SELECT `publications`.`titre`, `publications`.`categorie`, `utilisateurs`.`id` as `utilisateur_id`, `publications`.`id` as `publication_id`, `publications`.`description`, `publications`.`date_creation`, `utilisateurs`.`telephone`
FROM `publications`
JOIN `utilisateurs` ON `utilisateurs`.`id` = `publications`.`id_utilisateur`', [], false)
 2 SYSTEMPATH\Model.php(286): CodeIgniter\Database\BaseBuilder->get()
 3 SYSTEMPATH\BaseModel.php(676): CodeIgniter\Model->doFindAll(0, 0)
 4 APPPATH\Models\PublicationModel.php(22): CodeIgniter\BaseModel->findAll()
 5 APPPATH\Controllers\Post.php(22): App\Models\PublicationModel->getPublication()
 6 SYSTEMPATH\CodeIgniter.php(933): App\Controllers\Post->index()
 7 SYSTEMPATH\CodeIgniter.php(509): CodeIgniter\CodeIgniter->runController(Object(App\Controllers\Post))
 8 SYSTEMPATH\CodeIgniter.php(355): CodeIgniter\CodeIgniter->handleRequest(null, Object(Config\Cache), false)
 9 SYSTEMPATH\Boot.php(325): CodeIgniter\CodeIgniter->run()
10 SYSTEMPATH\Boot.php(67): CodeIgniter\Boot::runCodeIgniter(Object(CodeIgniter\CodeIgniter))
11 FCPATH\index.php(56): CodeIgniter\Boot::bootWeb(Object(Config\Paths))
12 SYSTEMPATH\rewrite.php(44): require_once('C:\\Users\\Aina Fitiavana\\Desktop\\e-tady\\public\\index.php')
CRITICAL - 2024-10-19 17:25:17 --> [Caused by] CodeIgniter\Database\Exceptions\DatabaseException: Champ 'publications.categorie' inconnu dans field list
in SYSTEMPATH\Database\MySQLi\Connection.php on line 317.
 1 SYSTEMPATH\Database\BaseConnection.php(734): CodeIgniter\Database\MySQLi\Connection->execute('SELECT `publications`.`titre`, `publications`.`categorie`, `utilisateurs`.`id` as `utilisateur_id`, `publications`.`id` as `publication_id`, `publications`.`description`, `publications`.`date_creation`, `utilisateurs`.`telephone`
FROM `publications`
JOIN `utilisateurs` ON `utilisateurs`.`id` = `publications`.`id_utilisateur`')
 2 SYSTEMPATH\Database\BaseConnection.php(648): CodeIgniter\Database\BaseConnection->simpleQuery('SELECT `publications`.`titre`, `publications`.`categorie`, `utilisateurs`.`id` as `utilisateur_id`, `publications`.`id` as `publication_id`, `publications`.`description`, `publications`.`date_creation`, `utilisateurs`.`telephone`
FROM `publications`
JOIN `utilisateurs` ON `utilisateurs`.`id` = `publications`.`id_utilisateur`')
 3 SYSTEMPATH\Database\BaseBuilder.php(1644): CodeIgniter\Database\BaseConnection->query('SELECT `publications`.`titre`, `publications`.`categorie`, `utilisateurs`.`id` as `utilisateur_id`, `publications`.`id` as `publication_id`, `publications`.`description`, `publications`.`date_creation`, `utilisateurs`.`telephone`
FROM `publications`
JOIN `utilisateurs` ON `utilisateurs`.`id` = `publications`.`id_utilisateur`', [], false)
 4 SYSTEMPATH\Model.php(286): CodeIgniter\Database\BaseBuilder->get()
 5 SYSTEMPATH\BaseModel.php(676): CodeIgniter\Model->doFindAll(0, 0)
 6 APPPATH\Models\PublicationModel.php(22): CodeIgniter\BaseModel->findAll()
 7 APPPATH\Controllers\Post.php(22): App\Models\PublicationModel->getPublication()
 8 SYSTEMPATH\CodeIgniter.php(933): App\Controllers\Post->index()
 9 SYSTEMPATH\CodeIgniter.php(509): CodeIgniter\CodeIgniter->runController(Object(App\Controllers\Post))
10 SYSTEMPATH\CodeIgniter.php(355): CodeIgniter\CodeIgniter->handleRequest(null, Object(Config\Cache), false)
11 SYSTEMPATH\Boot.php(325): CodeIgniter\CodeIgniter->run()
12 SYSTEMPATH\Boot.php(67): CodeIgniter\Boot::runCodeIgniter(Object(CodeIgniter\CodeIgniter))
13 FCPATH\index.php(56): CodeIgniter\Boot::bootWeb(Object(Config\Paths))
14 SYSTEMPATH\rewrite.php(44): require_once('C:\\Users\\Aina Fitiavana\\Desktop\\e-tady\\public\\index.php')
CRITICAL - 2024-10-19 17:25:17 --> [Caused by] mysqli_sql_exception: Champ 'publications.categorie' inconnu dans field list
in SYSTEMPATH\Database\MySQLi\Connection.php on line 312.
 1 SYSTEMPATH\Database\MySQLi\Connection.php(312): mysqli->query('SELECT `publications`.`titre`, `publications`.`categorie`, `utilisateurs`.`id` as `utilisateur_id`, `publications`.`id` as `publication_id`, `publications`.`description`, `publications`.`date_creation`, `utilisateurs`.`telephone`
FROM `publications`
JOIN `utilisateurs` ON `utilisateurs`.`id` = `publications`.`id_utilisateur`', 0)
 2 SYSTEMPATH\Database\BaseConnection.php(734): CodeIgniter\Database\MySQLi\Connection->execute('SELECT `publications`.`titre`, `publications`.`categorie`, `utilisateurs`.`id` as `utilisateur_id`, `publications`.`id` as `publication_id`, `publications`.`description`, `publications`.`date_creation`, `utilisateurs`.`telephone`
FROM `publications`
JOIN `utilisateurs` ON `utilisateurs`.`id` = `publications`.`id_utilisateur`')
 3 SYSTEMPATH\Database\BaseConnection.php(648): CodeIgniter\Database\BaseConnection->simpleQuery('SELECT `publications`.`titre`, `publications`.`categorie`, `utilisateurs`.`id` as `utilisateur_id`, `publications`.`id` as `publication_id`, `publications`.`description`, `publications`.`date_creation`, `utilisateurs`.`telephone`
FROM `publications`
JOIN `utilisateurs` ON `utilisateurs`.`id` = `publications`.`id_utilisateur`')
 4 SYSTEMPATH\Database\BaseBuilder.php(1644): CodeIgniter\Database\BaseConnection->query('SELECT `publications`.`titre`, `publications`.`categorie`, `utilisateurs`.`id` as `utilisateur_id`, `publications`.`id` as `publication_id`, `publications`.`description`, `publications`.`date_creation`, `utilisateurs`.`telephone`
FROM `publications`
JOIN `utilisateurs` ON `utilisateurs`.`id` = `publications`.`id_utilisateur`', [], false)
 5 SYSTEMPATH\Model.php(286): CodeIgniter\Database\BaseBuilder->get()
 6 SYSTEMPATH\BaseModel.php(676): CodeIgniter\Model->doFindAll(0, 0)
 7 APPPATH\Models\PublicationModel.php(22): CodeIgniter\BaseModel->findAll()
 8 APPPATH\Controllers\Post.php(22): App\Models\PublicationModel->getPublication()
 9 SYSTEMPATH\CodeIgniter.php(933): App\Controllers\Post->index()
10 SYSTEMPATH\CodeIgniter.php(509): CodeIgniter\CodeIgniter->runController(Object(App\Controllers\Post))
11 SYSTEMPATH\CodeIgniter.php(355): CodeIgniter\CodeIgniter->handleRequest(null, Object(Config\Cache), false)
12 SYSTEMPATH\Boot.php(325): CodeIgniter\CodeIgniter->run()
13 SYSTEMPATH\Boot.php(67): CodeIgniter\Boot::runCodeIgniter(Object(CodeIgniter\CodeIgniter))
14 FCPATH\index.php(56): CodeIgniter\Boot::bootWeb(Object(Config\Paths))
15 SYSTEMPATH\rewrite.php(44): require_once('C:\\Users\\Aina Fitiavana\\Desktop\\e-tady\\public\\index.php')
